\BOOKMARK [0][-]{part.1}{\376\377\000I\000\040\000S\000e\000l\000f\000-\000A\000d\000j\000o\000i\000n\000t\000\040\000O\000D\000E\000'\000S}{}% 1
\BOOKMARK [1][-]{section.1}{\376\377\000F\000o\000u\000r\000i\000e\000r\000\040\000S\000e\000r\000i\000e\000s}{part.1}% 2
\BOOKMARK [2][-]{subsection.1.1}{\376\377\000P\000e\000r\000i\000o\000d\000i\000c\000\040\000F\000u\000n\000c\000t\000i\000o\000n\000s}{section.1}% 3
\BOOKMARK [2][-]{subsection.1.2}{\376\377\000D\000e\000f\000i\000n\000i\000t\000i\000o\000n\000\040\000o\000f\000\040\000F\000o\000u\000r\000i\000e\000r\000\040\000s\000e\000r\000i\000e\000s}{section.1}% 4
\BOOKMARK [3][-]{subsubsection.1.2.1}{\376\377\000F\000o\000u\000r\000i\000e\000r\000\040\000C\000o\000e\000f\000f\000i\000c\000i\000e\000n\000t\000s}{subsection.1.2}% 5
\BOOKMARK [2][-]{subsection.1.3}{\376\377\000T\000h\000e\000\040\000D\000i\000r\000i\000c\000h\000l\000e\000t\000\040\000C\000o\000n\000d\000i\000t\000i\000o\000n\000s\000\040\000\050\000F\000o\000u\000r\000i\000e\000r\000'\000s\000\040\000t\000h\000e\000o\000r\000e\000m\000\051}{section.1}% 6
\BOOKMARK [3][-]{subsubsection.1.3.1}{\376\377\000C\000o\000n\000v\000e\000r\000g\000e\000n\000c\000e\000\040\000o\000f\000\040\000F\000o\000u\000r\000i\000e\000r\000\040\000S\000e\000r\000i\000e\000s}{subsection.1.3}% 7
\BOOKMARK [3][-]{subsubsection.1.3.2}{\376\377\000I\000n\000t\000e\000g\000r\000a\000t\000i\000o\000n\000\040\000o\000f\000\040\000F\000o\000u\000r\000i\000e\000r\000\040\000S\000e\000r\000i\000e\000s}{subsection.1.3}% 8
\BOOKMARK [3][-]{subsubsection.1.3.3}{\376\377\000D\000i\000f\000f\000e\000r\000e\000n\000t\000i\000a\000t\000i\000o\000n\000\040\000o\000f\000\040\000F\000o\000u\000r\000i\000e\000r\000\040\000S\000e\000r\000i\000e\000s}{subsection.1.3}% 9
\BOOKMARK [2][-]{subsection.1.4}{\376\377\000P\000a\000r\000s\000e\000v\000a\000l\000'\000s\000\040\000T\000h\000e\000o\000r\000e\000m}{section.1}% 10
\BOOKMARK [2][-]{subsection.1.5}{\376\377\000A\000l\000t\000e\000r\000n\000a\000t\000i\000v\000e\000\040\000F\000o\000u\000r\000i\000e\000r\000\040\000S\000e\000r\000i\000e\000s}{section.1}% 11
\BOOKMARK [3][-]{subsubsection.1.5.1}{\376\377\000H\000a\000l\000f\000-\000r\000a\000n\000g\000e\000\040\000S\000e\000r\000i\000e\000s}{subsection.1.5}% 12
\BOOKMARK [3][-]{subsubsection.1.5.2}{\376\377\000C\000o\000m\000p\000l\000e\000x\000\040\000R\000e\000p\000r\000e\000s\000e\000n\000t\000a\000t\000i\000o\000n}{subsection.1.5}% 13
\BOOKMARK [2][-]{subsection.1.6}{\376\377\000F\000o\000u\000r\000i\000e\000r\000\040\000S\000e\000r\000i\000e\000s\000\040\000M\000o\000t\000i\000v\000a\000t\000i\000o\000n\000s}{section.1}% 14
\BOOKMARK [3][-]{subsubsection.1.6.1}{\376\377\000S\000e\000l\000f\000-\000a\000d\000j\000o\000i\000n\000t\000\040\000m\000a\000t\000r\000i\000c\000e\000s}{subsection.1.6}% 15
\BOOKMARK [3][-]{subsubsection.1.6.2}{\376\377\000S\000o\000l\000v\000i\000n\000g\000\040\000i\000n\000h\000o\000m\000o\000g\000e\000n\000e\000o\000u\000s\000\040\000O\000D\000E\000\040\000w\000i\000t\000h\000\040\000F\000o\000u\000r\000i\000e\000r\000\040\000s\000e\000r\000i\000e\000s}{subsection.1.6}% 16
\BOOKMARK [1][-]{section.2}{\376\377\000S\000t\000u\000r\000m\000-\000L\000i\000o\000u\000v\000i\000l\000l\000e\000\040\000t\000h\000e\000o\000r\000y}{part.1}% 17
\BOOKMARK [2][-]{subsection.2.1}{\376\377\000S\000e\000c\000o\000n\000d\000-\000o\000r\000d\000e\000r\000\040\000l\000i\000n\000e\000a\000r\000\040\000O\000D\000E\000s}{section.2}% 18
\BOOKMARK [3][-]{subsubsection.2.1.1}{\376\377\000G\000e\000n\000e\000r\000a\000l\000\040\000e\000i\000g\000e\000n\000v\000a\000l\000u\000e\000\040\000p\000r\000o\000b\000l\000e\000m}{subsection.2.1}% 19
\BOOKMARK [2][-]{subsection.2.2}{\376\377\000S\000e\000l\000f\000-\000a\000d\000j\000o\000i\000n\000t\000\040\000o\000p\000e\000r\000a\000t\000o\000r\000s}{section.2}% 20
\BOOKMARK [3][-]{subsubsection.2.2.1}{\376\377\000S\000t\000u\000r\000m\000-\000L\000i\000o\000u\000v\000i\000l\000l\000e\000\040\000e\000q\000u\000a\000t\000i\000o\000n}{subsection.2.2}% 21
\BOOKMARK [3][-]{subsubsection.2.2.2}{\376\377\000S\000e\000l\000f\000-\000a\000d\000j\000o\000i\000n\000t\000\040\000d\000e\000f\000i\000n\000i\000t\000i\000o\000n}{subsection.2.2}% 22
\BOOKMARK [2][-]{subsection.2.3}{\376\377\000P\000r\000o\000p\000e\000r\000t\000i\000e\000s\000\040\000o\000f\000\040\000s\000e\000l\000f\000-\000a\000d\000j\000o\000i\000n\000t\000\040\000o\000p\000e\000r\000a\000t\000o\000r\000s}{section.2}% 23
\BOOKMARK [2][-]{subsection.2.4}{\376\377\000C\000o\000m\000p\000l\000e\000t\000e\000n\000e\000s\000s\000\040\000a\000n\000d\000\040\000P\000a\000r\000s\000e\000v\000a\000l\000'\000s\000\040\000I\000d\000e\000n\000t\000i\000t\000y}{section.2}% 24
\BOOKMARK [2][-]{subsection.2.5}{\376\377\000L\000e\000g\000e\000n\000d\000r\000e\000\040\000P\000o\000l\000y\000n\000o\000m\000i\000a\000l\000s}{section.2}% 25
\BOOKMARK [2][-]{subsection.2.6}{\376\377\000S\000t\000u\000r\000m\000-\000L\000i\000o\000u\000v\000i\000l\000l\000e\000\040\000T\000h\000e\000o\000r\000y\000\040\000a\000n\000d\000\040\000I\000n\000h\000o\000m\000o\000g\000e\000n\000e\000o\000u\000s\000\040\000O\000D\000E\000s}{section.2}% 26
\BOOKMARK [3][-]{subsubsection.2.6.1}{\376\377\000I\000n\000t\000e\000g\000r\000a\000l\000\040\000s\000o\000l\000u\000t\000i\000o\000n\000\040\000a\000n\000d\000\040\000G\000r\000e\000e\000n\000'\000s\000\040\000f\000u\000n\000c\000t\000i\000o\000n}{subsection.2.6}% 27
\BOOKMARK [0][-]{part.2}{\376\377\000I\000I\000\040\000P\000D\000E\000s\000\040\000o\000n\000\040\000B\000o\000u\000n\000d\000e\000d\000\040\000D\000o\000m\000a\000i\000n\000s}{}% 28
\BOOKMARK [1][-]{section.3}{\376\377\000T\000h\000e\000\040\000W\000a\000v\000e\000\040\000E\000q\000u\000a\000t\000i\000o\000n}{part.2}% 29
\BOOKMARK [2][-]{subsection.3.1}{\376\377\000W\000a\000v\000e\000s\000\040\000o\000n\000\040\000a\000n\000\040\000e\000l\000a\000s\000t\000i\000c\000\040\000s\000t\000r\000i\000n\000g}{section.3}% 30
\BOOKMARK [2][-]{subsection.3.2}{\376\377\000S\000e\000p\000a\000r\000a\000t\000i\000o\000n\000\040\000o\000f\000\040\000V\000a\000r\000i\000a\000b\000l\000e\000s}{section.3}% 31
\BOOKMARK [2][-]{subsection.3.3}{\376\377\000B\000o\000u\000n\000d\000a\000r\000y\000\040\000C\000o\000n\000d\000i\000t\000i\000o\000n\000s\000\040\000a\000n\000d\000\040\000N\000o\000r\000m\000a\000l\000\040\000M\000o\000d\000e\000s}{section.3}% 32
\BOOKMARK [2][-]{subsection.3.4}{\376\377\000I\000n\000i\000t\000i\000a\000l\000\040\000C\000o\000n\000d\000i\000t\000i\000o\000n\000s\000\040\000a\000n\000d\000\040\000T\000e\000m\000p\000o\000r\000a\000l\000\040\000S\000o\000l\000u\000t\000i\000o\000n\000s}{section.3}% 33
\BOOKMARK [1][-]{section*.2}{\376\377\000I\000n\000d\000e\000x}{part.2}% 34
