\BOOKMARK [1][-]{section.0}{\376\377\000I\000n\000t\000r\000o\000d\000u\000c\000t\000i\000o\000n}{}% 1
\BOOKMARK [2][-]{subsection.0.1}{\376\377\000H\000i\000s\000t\000o\000r\000y}{section.0}% 2
\BOOKMARK [2][-]{subsection.0.2}{\376\377\000P\000a\000g\000e\000R\000a\000n\000k\000\040\000A\000l\000g\000o\000r\000i\000t\000h\000m}{section.0}% 3
\BOOKMARK [1][-]{section.1}{\376\377\000F\000o\000r\000m\000a\000l\000\040\000S\000e\000t\000u\000p}{}% 4
\BOOKMARK [2][-]{subsection.1.1}{\376\377\000S\000i\000m\000p\000l\000e\000\040\000M\000a\000r\000k\000o\000v\000\040\000P\000r\000o\000p\000e\000r\000t\000y}{section.1}% 5
\BOOKMARK [2][-]{subsection.1.2}{\376\377\000C\000o\000m\000m\000u\000n\000i\000c\000a\000t\000i\000n\000g\000\040\000C\000l\000a\000s\000s\000e\000s}{section.1}% 6
\BOOKMARK [2][-]{subsection.1.3}{\376\377\000H\000i\000t\000t\000i\000n\000g\000\040\000P\000r\000o\000b\000a\000b\000i\000l\000i\000t\000i\000e\000s}{section.1}% 7
\BOOKMARK [2][-]{subsection.1.4}{\376\377\000B\000i\000r\000t\000h\000\040\000a\000n\000d\000\040\000D\000e\000a\000t\000h\000\040\000c\000h\000a\000i\000n\000s}{section.1}% 8
\BOOKMARK [2][-]{subsection.1.5}{\376\377\000M\000e\000a\000n\000\040\000H\000i\000t\000t\000i\000n\000g\000\040\000T\000i\000m\000e\000s}{section.1}% 9
\BOOKMARK [2][-]{subsection.1.6}{\376\377\000S\000t\000r\000o\000n\000g\000\040\000M\000a\000r\000k\000o\000v\000\040\000P\000r\000o\000p\000e\000r\000t\000y}{section.1}% 10
\BOOKMARK [2][-]{subsection.1.7}{\376\377\000S\000t\000o\000p\000p\000i\000n\000g\000\040\000T\000i\000m\000e\000s}{section.1}% 11
\BOOKMARK [1][-]{section.2}{\376\377\000T\000r\000a\000n\000s\000i\000e\000n\000c\000e\000\040\000a\000n\000d\000\040\000R\000e\000c\000u\000r\000r\000e\000n\000c\000e}{}% 12
\BOOKMARK [2][-]{subsection.2.1}{\376\377\000T\000r\000a\000n\000s\000i\000e\000n\000t\000\040\000a\000n\000d\000\040\000R\000e\000c\000u\000r\000r\000e\000n\000t\000\040\000C\000l\000a\000s\000s\000e\000s}{section.2}% 13
\BOOKMARK [2][-]{subsection.2.2}{\376\377\000S\000i\000m\000p\000l\000e\000\040\000R\000a\000n\000d\000o\000m\000\040\000W\000a\000l\000k\000s\000\040\000o\000n\000\040\000Z\000d\003\002}{section.2}% 14
\BOOKMARK [1][-]{section.3}{\376\377\000I\000n\000v\000a\000r\000i\000a\000n\000t\000\040\000D\000i\000s\000t\000r\000i\000b\000u\000t\000i\000o\000n\000s}{}% 15
\BOOKMARK [2][-]{subsection.3.1}{\376\377\000P\000r\000o\000b\000a\000b\000i\000l\000i\000t\000y\000\040\000D\000i\000s\000t\000r\000i\000b\000u\000t\000i\000o\000n\000s}{section.3}% 16
\BOOKMARK [2][-]{subsection.3.2}{\376\377\000I\000n\000v\000a\000r\000i\000a\000n\000t\000\040\000M\000e\000a\000s\000u\000r\000e\000s}{section.3}% 17
\BOOKMARK [2][-]{subsection.3.3}{\376\377\000P\000o\000s\000i\000t\000i\000v\000e\000\040\000a\000n\000d\000\040\000N\000u\000l\000l\000\040\000R\000e\000c\000u\000r\000r\000e\000n\000c\000e}{section.3}% 18
\BOOKMARK [1][-]{section.4}{\376\377\000T\000i\000m\000e\000\040\000R\000e\000v\000e\000r\000s\000i\000b\000i\000l\000i\000t\000y}{}% 19
\BOOKMARK [2][-]{subsection.4.1}{\376\377\000D\000e\000t\000a\000i\000l\000e\000d\000\040\000B\000a\000l\000a\000n\000c\000e\000\040\000E\000q\000u\000a\000t\000i\000o\000n}{section.4}% 20
\BOOKMARK [1][-]{section.5}{\376\377\000C\000o\000n\000v\000e\000r\000g\000e\000n\000c\000e\000\040\000t\000o\000\040\000E\000q\000u\000i\000l\000i\000b\000r\000i\000u\000m}{}% 21
\BOOKMARK [2][-]{subsection.5.1}{\376\377\000C\000o\000n\000v\000e\000r\000g\000e\000n\000c\000e\000\040\000t\000o\000\040\000E\000q\000u\000i\000l\000i\000b\000r\000i\000u\000m\000\040\000T\000h\000e\000o\000r\000e\000m}{section.5}% 22
\BOOKMARK [2][-]{subsection.5.2}{\376\377\000E\000r\000g\000o\000d\000i\000c\000\040\000T\000h\000e\000o\000r\000e\000m}{section.5}% 23
\BOOKMARK [1][-]{section.6}{\376\377\000C\000o\000n\000t\000i\000n\000u\000o\000u\000s\000\040\000T\000i\000m\000e\000\040\000M\000a\000r\000k\000o\000v\000\040\000C\000h\000a\000i\000n\000s}{}% 24
\BOOKMARK [2][-]{subsection.6.1}{\376\377\000P\000o\000i\000s\000s\000o\000n\000\040\000p\000r\000o\000c\000e\000s\000s}{section.6}% 25
\BOOKMARK [1][-]{section*.4}{\376\377\000I\000n\000d\000e\000x}{}% 26
