\BOOKMARK [1][-]{section.1}{\376\377\000H\000i\000s\000t\000o\000r\000i\000c\000a\000l\000\040\000I\000n\000t\000r\000o\000d\000u\000c\000t\000i\000o\000n}{}% 1
\BOOKMARK [2][-]{subsection.1.1}{\376\377\000P\000a\000r\000t\000i\000c\000l\000e\000s\000\040\000a\000n\000d\000\040\000W\000a\000v\000e\000s\000\040\000i\000n\000\040\000C\000l\000a\000s\000s\000i\000c\000a\000l\000\040\000M\000e\000c\000h\000a\000n\000i\000c\000s}{section.1}% 2
\BOOKMARK [2][-]{subsection.1.2}{\376\377\000P\000a\000r\000t\000i\000c\000l\000e\000-\000l\000i\000k\000e\000\040\000b\000e\000h\000a\000v\000i\000o\000u\000r\000\040\000o\000f\000\040\000w\000a\000v\000e\000s}{section.1}% 3
\BOOKMARK [3][-]{subsubsection.1.2.1}{\376\377\000B\000l\000a\000c\000k\000-\000b\000o\000d\000y\000\040\000r\000a\000d\000i\000a\000t\000i\000o\000n}{subsection.1.2}% 4
\BOOKMARK [3][-]{subsubsection.1.2.2}{\376\377\000P\000h\000o\000t\000o\000e\000l\000e\000c\000t\000r\000i\000c\000\040\000e\000f\000f\000e\000c\000t}{subsection.1.2}% 5
\BOOKMARK [3][-]{subsubsection.1.2.3}{\376\377\000C\000o\000m\000p\000t\000o\000n\000\040\000s\000c\000a\000t\000t\000e\000r\000i\000n\000g}{subsection.1.2}% 6
\BOOKMARK [2][-]{subsection.1.3}{\376\377\000A\000t\000o\000m\000i\000c\000\040\000S\000p\000e\000c\000t\000r\000a}{section.1}% 7
\BOOKMARK [2][-]{subsection.1.4}{\376\377\000W\000a\000v\000e\000-\000l\000i\000k\000e\000\040\000B\000e\000h\000a\000v\000i\000o\000u\000r\000\040\000o\000f\000\040\000P\000a\000r\000t\000i\000c\000l\000e\000s}{section.1}% 8
\BOOKMARK [1][-]{section.2}{\376\377\000F\000o\000u\000n\000d\000a\000t\000i\000o\000n\000\040\000o\000f\000\040\000Q\000u\000a\000n\000t\000u\000m\000\040\000M\000e\000c\000h\000a\000n\000i\000c\000s}{}% 9
\BOOKMARK [2][-]{subsection.2.1}{\376\377\000W\000a\000v\000e\000f\000u\000n\000c\000t\000i\000o\000n\000s\000\040\000a\000n\000d\000\040\000P\000r\000o\000b\000a\000b\000i\000l\000i\000s\000t\000i\000c\000\040\000I\000n\000t\000e\000r\000p\000r\000e\000t\000a\000t\000i\000o\000n}{section.2}% 10
\BOOKMARK [2][-]{subsection.2.2}{\376\377\000H\000i\000l\000b\000e\000r\000t\000\040\000S\000p\000a\000c\000e}{section.2}% 11
\BOOKMARK [2][-]{subsection.2.3}{\376\377\000I\000n\000n\000e\000r\000\040\000P\000r\000o\000d\000u\000c\000t}{section.2}% 12
\BOOKMARK [3][-]{subsubsection.2.3.1}{\376\377\000P\000r\000o\000p\000e\000r\000t\000i\000e\000s\000\040\000o\000f\000\040\000t\000h\000e\000\040\000I\000n\000n\000e\000r\000\040\000P\000r\000o\000d\000u\000c\000t}{subsection.2.3}% 13
\BOOKMARK [2][-]{subsection.2.4}{\376\377\000T\000i\000m\000e\000-\000d\000e\000p\000e\000n\000d\000e\000n\000t\000\040\000S\000c\000h\000r\000\366\000d\000i\000n\000g\000e\000r\000\040\000E\000q\000u\000a\000t\000i\000o\000n}{section.2}% 14
\BOOKMARK [2][-]{subsection.2.5}{\376\377\000E\000x\000p\000e\000c\000t\000a\000t\000i\000o\000n\000\040\000V\000a\000l\000u\000e\000s\000\040\000a\000n\000d\000\040\000O\000p\000e\000r\000a\000t\000o\000r\000s}{section.2}% 15
\BOOKMARK [3][-]{subsubsection.2.5.1}{\376\377\000H\000e\000u\000r\000i\000s\000t\000i\000c\000\040\000I\000n\000t\000e\000r\000p\000r\000e\000t\000a\000t\000i\000o\000n}{subsection.2.5}% 16
\BOOKMARK [3][-]{subsubsection.2.5.2}{\376\377\000H\000e\000r\000m\000i\000t\000i\000a\000n\000\040\000O\000p\000e\000r\000a\000t\000o\000r\000s}{subsection.2.5}% 17
\BOOKMARK [3][-]{subsubsection.2.5.3}{\376\377\000E\000x\000p\000e\000c\000t\000a\000t\000i\000o\000n\000\040\000v\000a\000l\000u\000e\000s\000\040\000a\000n\000d\000\040\000o\000p\000e\000r\000a\000t\000o\000r\000s}{subsection.2.5}% 18
\BOOKMARK [2][-]{subsection.2.6}{\376\377\000T\000i\000m\000e\000-\000i\000n\000d\000e\000p\000e\000n\000d\000e\000n\000t\000\040\000S\000c\000h\000r\000\366\000d\000i\000n\000g\000e\000r\000\040\000e\000q\000u\000a\000t\000i\000o\000n}{section.2}% 19
\BOOKMARK [2][-]{subsection.2.7}{\376\377\000S\000t\000a\000t\000i\000o\000n\000a\000r\000y\000\040\000s\000t\000a\000t\000e\000s}{section.2}% 20
\BOOKMARK [1][-]{section.3}{\376\377\0004\000D\000\040\000S\000o\000l\000u\000t\000i\000o\000n\000s}{}% 21
\BOOKMARK [2][-]{subsection.3.1}{\376\377\000B\000o\000u\000n\000d\000\040\000S\000t\000a\000t\000e\000s}{section.3}% 22
\BOOKMARK [3][-]{subsubsection.3.1.1}{\376\377\000I\000n\000f\000i\000n\000i\000t\000e\000\040\000p\000o\000t\000e\000n\000t\000i\000a\000l\000\040\000w\000e\000l\000l}{subsection.3.1}% 23
\BOOKMARK [3][-]{subsubsection.3.1.2}{\376\377\000F\000i\000n\000i\000t\000e\000\040\000P\000o\000t\000e\000n\000t\000i\000a\000l\000\040\000W\000e\000l\000l}{subsection.3.1}% 24
\BOOKMARK [3][-]{subsubsection.3.1.3}{\376\377\000H\000a\000r\000m\000o\000n\000i\000c\000\040\000O\000s\000c\000i\000l\000l\000a\000t\000o\000r}{subsection.3.1}% 25
\BOOKMARK [2][-]{subsection.3.2}{\376\377\000T\000h\000e\000\040\000F\000r\000e\000e\000\040\000P\000a\000r\000t\000i\000c\000l\000e}{section.3}% 26
\BOOKMARK [3][-]{subsubsection.3.2.1}{\376\377\000G\000a\000u\000s\000s\000i\000a\000n\000\040\000W\000a\000v\000e\000p\000a\000c\000k\000e\000t}{subsection.3.2}% 27
\BOOKMARK [3][-]{subsubsection.3.2.2}{\376\377\000B\000e\000a\000m\000\040\000I\000n\000t\000e\000r\000p\000r\000e\000t\000a\000t\000i\000o\000n}{subsection.3.2}% 28
\BOOKMARK [2][-]{subsection.3.3}{\376\377\000S\000c\000a\000t\000t\000e\000r\000i\000n\000g\000\040\000S\000t\000a\000t\000e\000s}{section.3}% 29
\BOOKMARK [3][-]{subsubsection.3.3.1}{\376\377\000S\000c\000a\000t\000t\000e\000r\000i\000n\000g\000\040\000o\000f\000f\000\040\000P\000o\000t\000e\000n\000t\000i\000a\000l\000\040\000S\000t\000e\000p}{subsection.3.3}% 30
\BOOKMARK [3][-]{subsubsection.3.3.2}{\376\377\000S\000c\000a\000t\000t\000e\000r\000i\000n\000g\000\040\000o\000f\000f\000\040\000P\000o\000t\000e\000n\000t\000i\000a\000l\000\040\000B\000a\000r\000r\000i\000e\000r}{subsection.3.3}% 31
\BOOKMARK [1][-]{section.4}{\376\377\000S\000i\000m\000u\000l\000t\000a\000n\000e\000o\000u\000s\000\040\000M\000e\000a\000s\000u\000r\000e\000m\000e\000n\000t\000s}{}% 32
\BOOKMARK [2][-]{subsection.4.1}{\376\377\000C\000o\000m\000m\000u\000t\000a\000t\000o\000r\000s}{section.4}% 33
\BOOKMARK [2][-]{subsection.4.2}{\376\377\000H\000e\000i\000s\000e\000n\000b\000e\000r\000g\000'\000s\000\040\000U\000n\000c\000e\000r\000t\000a\000i\000n\000t\000y\000\040\000P\000r\000i\000n\000c\000i\000p\000l\000e}{section.4}% 34
\BOOKMARK [3][-]{subsubsection.4.2.1}{\376\377\000C\000o\000n\000s\000e\000q\000u\000e\000n\000c\000e\000s\000\040\000o\000f\000\040\000t\000h\000e\000\040\000U\000n\000c\000e\000r\000t\000a\000i\000n\000t\000y\000\040\000T\000h\000e\000o\000r\000e\000m}{subsection.4.2}% 35
\BOOKMARK [2][-]{subsection.4.3}{\376\377\000E\000h\000r\000e\000n\000f\000e\000s\000t\000\040\000T\000h\000e\000o\000r\000e\000m}{section.4}% 36
\BOOKMARK [2][-]{subsection.4.4}{\376\377\000H\000a\000r\000m\000o\000n\000i\000c\000\040\000O\000s\000c\000i\000l\000l\000a\000t\000o\000r\000\040\000R\000e\000v\000i\000s\000i\000t\000e\000d}{section.4}% 37
\BOOKMARK [1][-]{section.5}{\376\377\0003\000D\000\040\000S\000o\000l\000u\000t\000i\000o\000n\000s\000\040\000o\000f\000\040\000t\000h\000e\000\040\000S\000c\000h\000r\000\366\000d\000i\000n\000g\000e\000r\000\040\000E\000q\000u\000a\000t\000i\000o\000n}{}% 38
\BOOKMARK [2][-]{subsection.5.1}{\376\377\000T\000I\000S\000E\000\040\000f\000o\000r\000\040\000S\000p\000h\000e\000r\000i\000c\000a\000l\000l\000y\000\040\000S\000y\000m\000m\000e\000t\000r\000i\000c\000\040\000P\000o\000t\000e\000n\000t\000i\000a\000l\000s}{section.5}% 39
\BOOKMARK [2][-]{subsection.5.2}{\376\377\000A\000n\000g\000u\000l\000a\000r\000\040\000M\000o\000m\000e\000n\000t\000u\000m}{section.5}% 40
\BOOKMARK [2][-]{subsection.5.3}{\376\377\000T\000h\000e\000\040\000H\000y\000d\000r\000o\000g\000e\000n\000\040\000A\000t\000o\000m}{section.5}% 41
\BOOKMARK [3][-]{subsubsection.5.3.1}{\376\377\000S\000p\000h\000e\000r\000i\000c\000a\000l\000l\000y\000\040\000S\000y\000m\000m\000e\000t\000r\000i\000c\000\040\000S\000o\000l\000u\000t\000i\000o\000n\000s}{subsection.5.3}% 42
\BOOKMARK [3][-]{subsubsection.5.3.2}{\376\377\000A\000s\000y\000m\000m\000e\000t\000r\000i\000c\000\040\000S\000o\000l\000u\000t\000i\000o\000n\000s}{subsection.5.3}% 43
\BOOKMARK [1][-]{section*.2}{\376\377\000I\000n\000d\000e\000x}{}% 44
