\BOOKMARK [0][-]{part.1}{\376\377\000I\000\040\000G\000r\000o\000u\000p\000s}{}% 1
\BOOKMARK [1][-]{section.1}{\376\377\000R\000e\000v\000i\000s\000i\000o\000n\000\040\000a\000n\000d\000\040\000B\000a\000s\000i\000c\000\040\000T\000h\000e\000o\000r\000y}{part.1}% 2
\BOOKMARK [2][-]{subsection.1.1}{\376\377\000B\000a\000s\000i\000c\000\040\000D\000e\000f\000i\000n\000i\000t\000i\000o\000n\000s}{section.1}% 3
\BOOKMARK [2][-]{subsection.1.2}{\376\377\000H\000o\000m\000o\000m\000o\000r\000p\000h\000i\000s\000m\000s}{section.1}% 4
\BOOKMARK [2][-]{subsection.1.3}{\376\377\000I\000s\000o\000m\000o\000r\000p\000h\000i\000s\000m\000\040\000T\000h\000e\000o\000r\000e\000m\000s}{section.1}% 5
\BOOKMARK [2][-]{subsection.1.4}{\376\377\000S\000i\000m\000p\000l\000e\000\040\000G\000r\000o\000u\000p\000s}{section.1}% 6
\BOOKMARK [1][-]{section.2}{\376\377\000G\000r\000o\000u\000p\000\040\000A\000c\000t\000i\000o\000n\000s}{part.1}% 7
\BOOKMARK [2][-]{subsection.2.1}{\376\377\000D\000e\000f\000i\000n\000i\000t\000i\000o\000n\000s\000\040\000a\000n\000d\000\040\000P\000e\000r\000m\000u\000t\000a\000t\000i\000o\000n\000\040\000G\000r\000o\000u\000p\000s}{section.2}% 8
\BOOKMARK [2][-]{subsection.2.2}{\376\377\000O\000r\000b\000i\000t\000s\000\040\000a\000n\000d\000\040\000S\000t\000a\000b\000i\000l\000i\000z\000e\000r\000s}{section.2}% 9
\BOOKMARK [2][-]{subsection.2.3}{\376\377\000E\000x\000a\000m\000p\000l\000e\000s\000\040\000o\000f\000\040\000G\000r\000o\000u\000p\000\040\000A\000c\000t\000i\000o\000n\000s}{section.2}% 10
\BOOKMARK [1][-]{section.3}{\376\377\000A\000l\000t\000e\000r\000n\000a\000t\000i\000n\000g\000\040\000G\000r\000o\000u\000p\000s}{part.1}% 11
\BOOKMARK [2][-]{subsection.3.1}{\376\377\000S\000i\000m\000p\000l\000i\000c\000i\000t\000y\000\040\000o\000f\000\040\000A\000n}{section.3}% 12
\BOOKMARK [1][-]{section.4}{\376\377\000p\000-\000g\000r\000o\000u\000p\000s\000\040\000a\000n\000d\000\040\000p\000-\000s\000u\000b\000g\000r\000o\000u\000p\000s}{part.1}% 13
\BOOKMARK [2][-]{subsection.4.1}{\376\377\000S\000y\000l\000o\000w\000\040\000T\000h\000e\000o\000r\000e\000m\000s}{section.4}% 14
\BOOKMARK [1][-]{section.5}{\376\377\000M\000a\000t\000r\000i\000x\000\040\000G\000r\000o\000u\000p\000s}{part.1}% 15
\BOOKMARK [1][-]{section.6}{\376\377\000F\000i\000n\000i\000t\000e\000\040\000A\000b\000e\000l\000i\000a\000n\000\040\000G\000r\000o\000u\000p\000s}{part.1}% 16
\BOOKMARK [0][-]{part.2}{\376\377\000I\000I\000\040\000R\000i\000n\000g\000s}{}% 17
\BOOKMARK [1][-]{section.7}{\376\377\000D\000e\000f\000i\000n\000i\000t\000i\000o\000n\000s\000\040\000a\000n\000d\000\040\000E\000x\000a\000m\000p\000l\000e\000s}{part.2}% 18
\BOOKMARK [1][-]{section.8}{\376\377\000H\000o\000m\000o\000m\000o\000r\000p\000h\000i\000s\000m\000s\000,\000\040\000I\000d\000e\000a\000l\000s\000\040\000a\000n\000d\000\040\000Q\000u\000o\000t\000i\000e\000n\000t\000s}{part.2}% 19
\BOOKMARK [2][-]{subsection.8.1}{\376\377\000D\000e\000f\000i\000n\000i\000t\000i\000o\000n\000s}{section.8}% 20
\BOOKMARK [2][-]{subsection.8.2}{\376\377\000I\000s\000o\000m\000o\000r\000p\000h\000i\000s\000m\000\040\000T\000h\000e\000o\000r\000e\000m\000s}{section.8}% 21
\BOOKMARK [1][-]{section.9}{\376\377\000I\000n\000t\000e\000g\000r\000a\000l\000\040\000D\000o\000m\000a\000i\000n\000s\000\040\000a\000n\000d\000\040\000I\000d\000e\000a\000l\000s}{part.2}% 22
\BOOKMARK [2][-]{subsection.9.1}{\376\377\000I\000n\000t\000e\000g\000r\000a\000l\000\040\000D\000o\000m\000a\000i\000n\000s}{section.9}% 23
\BOOKMARK [2][-]{subsection.9.2}{\376\377\000M\000a\000x\000i\000m\000a\000l\000\040\000I\000d\000e\000a\000l\000s}{section.9}% 24
\BOOKMARK [2][-]{subsection.9.3}{\376\377\000P\000r\000i\000m\000e\000\040\000I\000d\000e\000a\000l\000s}{section.9}% 25
\BOOKMARK [1][-]{section.10}{\376\377\000F\000a\000c\000t\000o\000r\000i\000s\000a\000t\000i\000o\000n\000\040\000i\000n\000\040\000I\000n\000t\000e\000g\000r\000a\000l\000\040\000D\000o\000m\000a\000i\000n\000s}{part.2}% 26
\BOOKMARK [2][-]{subsection.10.1}{\376\377\000P\000r\000i\000n\000c\000i\000p\000a\000l\000\040\000I\000d\000e\000a\000l\000\040\000D\000o\000m\000a\000i\000n\000s}{section.10}% 27
\BOOKMARK [2][-]{subsection.10.2}{\376\377\000E\000u\000c\000l\000i\000d\000e\000a\000n\000\040\000D\000o\000m\000a\000i\000n\000s}{section.10}% 28
\BOOKMARK [2][-]{subsection.10.3}{\376\377\000U\000n\000i\000q\000u\000e\000\040\000F\000a\000c\000t\000o\000r\000i\000s\000a\000t\000i\000o\000n\000\040\000D\000o\000m\000a\000i\000n\000s}{section.10}% 29
\BOOKMARK [1][-]{section.11}{\376\377\000F\000a\000c\000t\000o\000r\000i\000s\000a\000t\000i\000o\000n\000\040\000i\000n\000\040\000P\000o\000l\000y\000n\000o\000m\000i\000a\000l\000\040\000R\000i\000n\000g\000s}{part.2}% 30
\BOOKMARK [2][-]{subsection.11.1}{\376\377\000G\000a\000u\000s\000s\000'\000\040\000L\000e\000m\000m\000a}{section.11}% 31
\BOOKMARK [2][-]{subsection.11.2}{\376\377\000A\000p\000p\000l\000i\000c\000a\000t\000i\000o\000n\000s}{section.11}% 32
\BOOKMARK [1][-]{section.12}{\376\377\000A\000l\000g\000e\000b\000r\000a\000i\000c\000\040\000I\000n\000t\000e\000g\000e\000r\000s}{part.2}% 33
\BOOKMARK [2][-]{subsection.12.1}{\376\377\000P\000r\000i\000m\000e\000s\000\040\000i\000n\000\040\000Z\000[\000i\000]}{section.12}% 34
\BOOKMARK [2][-]{subsection.12.2}{\376\377\000A\000l\000g\000e\000b\000r\000a\000i\000c\000\040\000N\000u\000m\000b\000e\000r\000s}{section.12}% 35
\BOOKMARK [1][-]{section.13}{\376\377\000N\000o\000e\000t\000h\000e\000r\000i\000a\000n\000\040\000R\000i\000n\000g\000s}{part.2}% 36
\BOOKMARK [2][-]{subsection.13.1}{\376\377\000D\000e\000f\000i\000n\000i\000t\000i\000o\000n\000s}{section.13}% 37
\BOOKMARK [2][-]{subsection.13.2}{\376\377\000H\000i\000l\000b\000e\000r\000t\000'\000s\000\040\000B\000a\000s\000i\000s\000\040\000T\000h\000e\000o\000r\000e\000m}{section.13}% 38
\BOOKMARK [0][-]{part.3}{\376\377\000I\000I\000I\000\040\000M\000o\000d\000u\000l\000e\000s}{}% 39
\BOOKMARK [1][-]{section.14}{\376\377\000D\000e\000f\000i\000n\000i\000t\000i\000o\000n\000s\000\040\000a\000n\000d\000\040\000E\000x\000a\000m\000p\000l\000e\000s}{part.3}% 40
\BOOKMARK [2][-]{subsection.14.1}{\376\377\000B\000a\000s\000i\000c\000\040\000D\000e\000f\000i\000n\000i\000t\000i\000o\000n\000s}{section.14}% 41
\BOOKMARK [2][-]{subsection.14.2}{\376\377\000I\000s\000o\000m\000o\000r\000p\000h\000i\000s\000m\000\040\000T\000h\000e\000o\000r\000e\000m\000s}{section.14}% 42
\BOOKMARK [1][-]{section.15}{\376\377\000D\000i\000r\000e\000c\000t\000\040\000S\000u\000m\000s\000\040\000a\000n\000d\000\040\000F\000r\000e\000e\000\040\000M\000o\000d\000u\000l\000e\000s}{part.3}% 43
\BOOKMARK [1][-]{section.16}{\376\377\000T\000h\000e\000\040\000S\000t\000r\000u\000c\000t\000u\000r\000e\000\040\000T\000h\000e\000o\000r\000e\000m\000\040\000a\000n\000d\000\040\000A\000p\000p\000l\000i\000c\000a\000t\000i\000o\000n\000s}{part.3}% 44
\BOOKMARK [2][-]{subsection.16.1}{\376\377\000S\000m\000i\000t\000h\000\040\000N\000o\000r\000m\000a\000l\000\040\000F\000o\000r\000m}{section.16}% 45
\BOOKMARK [2][-]{subsection.16.2}{\376\377\000S\000t\000r\000u\000c\000t\000u\000r\000e\000\040\000T\000h\000e\000o\000r\000e\000m\000\040\000a\000n\000d\000\040\000C\000o\000r\000o\000l\000l\000a\000r\000i\000e\000s}{section.16}% 46
\BOOKMARK [2][-]{subsection.16.3}{\376\377\000R\000a\000t\000i\000o\000n\000a\000l\000\040\000C\000a\000n\000o\000n\000i\000c\000a\000l\000\040\000F\000o\000r\000m\000\040\000a\000n\000d\000\040\000J\000o\000r\000d\000a\000n\000\040\000N\000o\000r\000m\000a\000l\000\040\000F\000o\000r\000m}{section.16}% 47
\BOOKMARK [1][-]{section.17}{\376\377\000M\000o\000d\000u\000l\000e\000s\000\040\000o\000v\000e\000r\000\040\000P\000I\000D\000'\000s}{part.3}% 48
\BOOKMARK [1][-]{section*.3}{\376\377\000I\000n\000d\000e\000x}{part.3}% 49
