\BOOKMARK [1][-]{section.1}{\376\377\000C\000o\000n\000v\000e\000x\000i\000t\000y}{}% 1
\BOOKMARK [2][-]{subsection.1.1}{\376\377\000G\000e\000n\000e\000r\000i\000c\000\040\000o\000p\000t\000i\000m\000i\000z\000a\000t\000i\000o\000n\000\040\000p\000r\000o\000b\000l\000e\000m}{section.1}% 2
\BOOKMARK [2][-]{subsection.1.2}{\376\377\000G\000r\000a\000d\000i\000e\000n\000t\000\040\000D\000e\000s\000c\000e\000n\000t}{section.1}% 3
\BOOKMARK [2][-]{subsection.1.3}{\376\377\000C\000o\000n\000v\000e\000x\000i\000t\000y}{section.1}% 4
\BOOKMARK [1][-]{section.2}{\376\377\000G\000r\000a\000d\000i\000e\000n\000t\000\040\000D\000e\000s\000c\000e\000n\000t\000\040\000a\000n\000d\000\040\000N\000e\000w\000t\000o\000n\000'\000s\000\040\000m\000e\000t\000h\000o\000d}{}% 5
\BOOKMARK [2][-]{subsection.2.1}{\376\377\000S\000e\000c\000o\000n\000d\000-\000o\000r\000d\000e\000r\000\040\000c\000o\000n\000d\000i\000t\000i\000o\000n\000s}{section.2}% 6
\BOOKMARK [2][-]{subsection.2.2}{\376\377\000C\000o\000n\000v\000e\000r\000g\000e\000n\000c\000e\000\040\000o\000f\000\040\000g\000r\000a\000d\000i\000e\000n\000t\000\040\000d\000e\000s\000c\000e\000n\000t}{section.2}% 7
\BOOKMARK [2][-]{subsection.2.3}{\376\377\000N\000e\000w\000t\000o\000n\000'\000s\000\040\000m\000e\000t\000h\000o\000d}{section.2}% 8
\BOOKMARK [2][-]{subsection.2.4}{\376\377\000N\000e\000u\000r\000a\000l\000\040\000n\000e\000t\000w\000o\000r\000k\000s}{section.2}% 9
\BOOKMARK [1][-]{section.3}{\376\377\000L\000a\000g\000r\000a\000n\000g\000i\000a\000n\000\040\000M\000e\000t\000h\000o\000d\000s}{}% 10
\BOOKMARK [2][-]{subsection.3.1}{\376\377\000T\000h\000e\000\040\000L\000a\000g\000r\000a\000n\000g\000i\000a\000n\000\040\000S\000u\000f\000f\000i\000c\000i\000e\000n\000c\000y\000\040\000T\000h\000e\000o\000r\000e\000m}{section.3}% 11
\BOOKMARK [2][-]{subsection.3.2}{\376\377\000U\000s\000i\000n\000g\000\040\000L\000S\000T}{section.3}% 12
\BOOKMARK [2][-]{subsection.3.3}{\376\377\000E\000x\000a\000m\000p\000l\000e\000s\000\040\000o\000f\000\040\000L\000S\000T}{section.3}% 13
\BOOKMARK [2][-]{subsection.3.4}{\376\377\000I\000n\000e\000q\000u\000a\000l\000i\000t\000y\000\040\000c\000o\000n\000s\000t\000r\000a\000i\000n\000t\000s\000\040\000a\000n\000d\000\040\000c\000o\000m\000p\000l\000e\000m\000e\000n\000t\000a\000r\000y\000\040\000s\000l\000a\000c\000k\000n\000e\000s\000s}{section.3}% 14
\BOOKMARK [2][-]{subsection.3.5}{\376\377\000F\000a\000i\000l\000u\000r\000e\000\040\000o\000f\000\040\000L\000a\000g\000r\000a\000n\000g\000i\000a\000n\000\040\000m\000e\000t\000h\000o\000d\000s}{section.3}% 15
\BOOKMARK [2][-]{subsection.3.6}{\376\377\000L\000a\000r\000g\000e\000\040\000d\000e\000v\000i\000a\000t\000i\000o\000n\000s}{section.3}% 16
\BOOKMARK [1][-]{section.4}{\376\377\000T\000h\000e\000\040\000L\000a\000g\000r\000a\000n\000g\000i\000a\000n\000\040\000D\000u\000a\000l}{}% 17
\BOOKMARK [2][-]{subsection.4.1}{\376\377\000L\000a\000g\000r\000a\000n\000g\000i\000a\000n\000\040\000n\000e\000c\000e\000s\000s\000i\000t\000y}{section.4}% 18
\BOOKMARK [2][-]{subsection.4.2}{\376\377\000S\000h\000a\000d\000o\000w\000\040\000p\000r\000i\000c\000e\000s}{section.4}% 19
\BOOKMARK [2][-]{subsection.4.3}{\376\377\000T\000h\000e\000\040\000L\000a\000g\000r\000a\000n\000g\000i\000a\000n\000\040\000d\000u\000a\000l\000\040\000p\000r\000o\000b\000l\000e\000m}{section.4}% 20
\BOOKMARK [2][-]{subsection.4.4}{\376\377\000B\000a\000r\000r\000i\000e\000r\000\040\000m\000e\000t\000h\000o\000d\000s}{section.4}% 21
\BOOKMARK [1][-]{section.5}{\376\377\000L\000i\000n\000e\000a\000r\000\040\000P\000r\000o\000g\000r\000a\000m\000m\000i\000n\000g}{}% 22
\BOOKMARK [2][-]{subsection.5.1}{\376\377\000E\000x\000t\000r\000e\000m\000e\000\040\000p\000o\000i\000n\000t\000s\000\040\000a\000n\000d\000\040\000o\000p\000t\000i\000m\000a\000l\000i\000t\000y}{section.5}% 23
\BOOKMARK [2][-]{subsection.5.2}{\376\377\000B\000a\000s\000i\000c\000\040\000s\000o\000l\000u\000t\000i\000o\000n\000s}{section.5}% 24
\BOOKMARK [2][-]{subsection.5.3}{\376\377\000P\000r\000e\000v\000i\000e\000w\000\040\000o\000f\000\040\000t\000h\000e\000\040\000S\000i\000m\000p\000l\000e\000x\000\040\000M\000e\000t\000h\000o\000d}{section.5}% 25
\BOOKMARK [1][-]{section.6}{\376\377\000T\000h\000e\000\040\000S\000i\000m\000p\000l\000e\000x\000\040\000M\000e\000t\000h\000o\000d}{}% 26
\BOOKMARK [2][-]{subsection.6.1}{\376\377\000T\000h\000e\000\040\000s\000i\000m\000p\000l\000e\000x\000\040\000a\000l\000g\000o\000r\000i\000t\000h\000m}{section.6}% 27
\BOOKMARK [1][-]{section.7}{\376\377\000T\000h\000e\000\040\000D\000u\000a\000l\000\040\000L\000i\000n\000e\000a\000r\000\040\000P\000r\000o\000g\000r\000a\000m}{}% 28
\BOOKMARK [2][-]{subsection.7.1}{\376\377\000T\000h\000e\000\040\000d\000u\000a\000l\000\040\000p\000r\000o\000b\000l\000e\000m\000\040\000f\000o\000r\000\040\000L\000P}{section.7}% 29
\BOOKMARK [2][-]{subsection.7.2}{\376\377\000C\000o\000n\000d\000i\000t\000i\000o\000n\000s\000\040\000f\000o\000r\000\040\000O\000p\000t\000i\000m\000a\000l\000i\000t\000y}{section.7}% 30
\BOOKMARK [2][-]{subsection.7.3}{\376\377\000T\000h\000e\000\040\000u\000t\000i\000l\000i\000t\000y\000\040\000o\000f\000\040\000p\000r\000i\000m\000a\000l\000\040\000d\000u\000a\000l\000\040\000t\000h\000e\000o\000r\000y}{section.7}% 31
\BOOKMARK [2][-]{subsection.7.4}{\376\377\000P\000r\000i\000m\000a\000l\000-\000d\000u\000a\000l\000\040\000r\000e\000l\000a\000t\000i\000o\000n\000s\000h\000i\000p\000s}{section.7}% 32
\BOOKMARK [1][-]{section.8}{\376\377\000S\000h\000a\000d\000o\000w\000\040\000p\000r\000i\000c\000e\000s}{}% 33
\BOOKMARK [2][-]{subsection.8.1}{\376\377\000D\000u\000a\000l\000\040\000p\000r\000o\000b\000l\000e\000m\000\040\000a\000n\000d\000\040\000t\000h\000e\000\040\000f\000i\000n\000a\000l\000\040\000t\000a\000b\000l\000e\000a\000u}{section.8}% 34
\BOOKMARK [2][-]{subsection.8.2}{\376\377\000S\000h\000a\000d\000o\000w\000\040\000p\000r\000i\000c\000e\000s\000\040\000a\000n\000d\000\040\000s\000e\000n\000s\000i\000t\000i\000v\000i\000t\000y\000\040\000a\000n\000a\000l\000y\000s\000i\000s}{section.8}% 35
\BOOKMARK [2][-]{subsection.8.3}{\376\377\000S\000h\000a\000d\000o\000w\000\040\000p\000r\000i\000c\000e\000s\000\040\000a\000n\000d\000\040\000t\000h\000e\000\040\000d\000i\000e\000t\000\040\000p\000r\000o\000b\000l\000e\000m}{section.8}% 36
\BOOKMARK [1][-]{section.9}{\376\377\000T\000w\000o\000\040\000P\000e\000r\000s\000o\000n\000\040\000Z\000e\000r\000o\000-\000S\000u\000m\000\040\000G\000a\000m\000e\000s}{}% 37
\BOOKMARK [2][-]{subsection.9.1}{\376\377\000G\000a\000m\000e\000s\000\040\000w\000i\000t\000h\000\040\000a\000\040\000s\000a\000d\000d\000l\000e\000\040\000p\000o\000i\000n\000t}{section.9}% 38
\BOOKMARK [2][-]{subsection.9.2}{\376\377\000G\000a\000m\000e\000\040\000w\000i\000t\000h\000o\000u\000t\000\040\000a\000\040\000s\000a\000d\000d\000l\000e\000-\000p\000o\000i\000n\000t}{section.9}% 39
\BOOKMARK [2][-]{subsection.9.3}{\376\377\000D\000e\000t\000e\000r\000m\000i\000n\000a\000t\000i\000o\000n\000\040\000o\000f\000\040\000a\000n\000\040\000o\000p\000t\000i\000m\000a\000l\000\040\000s\000t\000r\000a\000t\000e\000g\000y}{section.9}% 40
\BOOKMARK [1][-]{section.10}{\376\377\000M\000a\000x\000i\000m\000a\000l\000\040\000F\000l\000o\000w\000\040\000i\000n\000\040\000a\000\040\000N\000e\000t\000w\000o\000r\000k}{}% 41
\BOOKMARK [2][-]{subsection.10.1}{\376\377\000M\000a\000x\000-\000f\000l\000o\000w\000/\000m\000i\000n\000-\000c\000u\000t\000\040\000t\000h\000e\000o\000r\000y}{section.10}% 42
\BOOKMARK [2][-]{subsection.10.2}{\376\377\000F\000o\000r\000d\000-\000F\000u\000l\000k\000e\000r\000s\000o\000n\000\040\000a\000l\000g\000o\000r\000i\000t\000h\000m}{section.10}% 43
\BOOKMARK [2][-]{subsection.10.3}{\376\377\000H\000a\000l\000l\000'\000s\000\040\000m\000a\000t\000c\000h\000i\000n\000g\000\040\000t\000h\000e\000o\000r\000e\000m}{section.10}% 44
\BOOKMARK [1][-]{section.11}{\376\377\000M\000i\000n\000i\000m\000u\000m\000\040\000C\000o\000s\000t\000\040\000C\000i\000r\000c\000u\000l\000a\000t\000i\000o\000n\000\040\000P\000r\000o\000b\000l\000e\000m\000s}{}% 45
\BOOKMARK [2][-]{subsection.11.1}{\376\377\000M\000i\000n\000i\000m\000u\000m\000\040\000c\000o\000s\000t\000\040\000c\000i\000r\000c\000u\000l\000a\000t\000i\000o\000n}{section.11}% 46
\BOOKMARK [2][-]{subsection.11.2}{\376\377\000S\000u\000f\000f\000i\000c\000i\000e\000n\000t\000\040\000c\000o\000n\000d\000i\000t\000i\000o\000n\000s\000\040\000f\000o\000r\000\040\000m\000i\000n\000i\000m\000a\000l\000\040\000c\000o\000s\000t\000\040\000c\000i\000r\000c\000u\000l\000a\000t\000i\000o\000n}{section.11}% 47
\BOOKMARK [2][-]{subsection.11.3}{\376\377\000T\000h\000e\000\040\000t\000r\000a\000n\000s\000p\000o\000r\000t\000a\000t\000i\000o\000n\000\040\000p\000r\000o\000b\000l\000e\000m}{section.11}% 48
\BOOKMARK [1][-]{section.12}{\376\377\000T\000r\000a\000n\000s\000p\000o\000r\000t\000a\000t\000i\000o\000n\000\040\000a\000n\000d\000\040\000A\000s\000s\000i\000g\000n\000m\000e\000n\000t\000\040\000P\000r\000o\000b\000l\000e\000m\000s}{}% 49
\BOOKMARK [2][-]{subsection.12.1}{\376\377\000T\000h\000e\000\040\000t\000r\000a\000n\000s\000p\000o\000r\000t\000a\000t\000i\000o\000n\000\040\000a\000l\000g\000o\000r\000i\000t\000h\000m}{section.12}% 50
\BOOKMARK [1][-]{section*.10}{\376\377\000I\000n\000d\000e\000x}{}% 51
